<?xml version="1.0" encoding="UTF-8"?>
<!-- Generated by org.testng.reporters.JUnitReportReporter -->
<testsuite hostname="L-INE-JDPCQG3" failures="0" tests="5" name="com.reqres.TestCases.TC003_POST_Userdetail" time="0.096" errors="0" timestamp="2023-11-29T12:19:10 IST" skipped="0">
  <testcase classname="com.reqres.TestCases.TC003_POST_Userdetail" name="validateResponseBody" time="0.076"/>
  <testcase classname="com.reqres.TestCases.TC003_POST_Userdetail" name="checkResponseBody" time="0.007"/>
  <testcase classname="com.reqres.TestCases.TC003_POST_Userdetail" name="checkStatusCode" time="0.004"/>
  <testcase classname="com.reqres.TestCases.TC003_POST_Userdetail" name="checkStatusLine" time="0.005"/>
  <testcase classname="com.reqres.TestCases.TC003_POST_Userdetail" name="checkContentType" time="0.004"/>
</testsuite> <!-- com.reqres.TestCases.TC003_POST_Userdetail -->
