<?xml version="1.0" encoding="UTF-8"?>
<!-- Generated by org.testng.reporters.JUnitReportReporter -->
<testsuite hostname="L-INE-JDPCQG3" failures="0" tests="4" name="com.reqres.TestCases.TC004_PUT_Userdetail" time="0.017" errors="0" timestamp="2023-11-16T14:49:21 IST" skipped="0">
  <testcase classname="com.reqres.TestCases.TC004_PUT_Userdetail" name="checkResponseBody" time="0.005"/>
  <testcase classname="com.reqres.TestCases.TC004_PUT_Userdetail" name="checkStatusCode" time="0.003"/>
  <testcase classname="com.reqres.TestCases.TC004_PUT_Userdetail" name="checkStatusLine" time="0.006"/>
  <testcase classname="com.reqres.TestCases.TC004_PUT_Userdetail" name="checkContentType" time="0.003"/>
</testsuite> <!-- com.reqres.TestCases.TC004_PUT_Userdetail -->
