<?xml version="1.0" encoding="UTF-8"?>
<!-- Generated by org.testng.reporters.JUnitReportReporter -->
<testsuite hostname="L-INE-JDPCQG3" failures="0" tests="3" name="com.reqres.TestCases.TC005_DELETE_Userdetail" time="0.007" errors="0" timestamp="2023-11-24T11:30:43 IST" skipped="0">
  <testcase classname="com.reqres.TestCases.TC005_DELETE_Userdetail" name="validateResponseBody" time="0.004"/>
  <testcase classname="com.reqres.TestCases.TC005_DELETE_Userdetail" name="checkStatusCode" time="0.001"/>
  <testcase classname="com.reqres.TestCases.TC005_DELETE_Userdetail" name="checkStatusLine" time="0.002"/>
</testsuite> <!-- com.reqres.TestCases.TC005_DELETE_Userdetail -->
