<?xml version="1.0" encoding="UTF-8"?>
<!-- Generated by org.testng.reporters.JUnitReportReporter -->
<testsuite hostname="L-INE-JDPCQG3" failures="0" tests="3" name="com.reqres.TestCases.TC005_DELETE_Userdetail" time="0.010" errors="0" timestamp="2023-11-24T16:14:53 IST" skipped="0">
  <testcase classname="com.reqres.TestCases.TC005_DELETE_Userdetail" name="validateResponseBody" time="0.005"/>
  <testcase classname="com.reqres.TestCases.TC005_DELETE_Userdetail" name="checkStatusCode" time="0.003"/>
  <testcase classname="com.reqres.TestCases.TC005_DELETE_Userdetail" name="checkStatusLine" time="0.002"/>
</testsuite> <!-- com.reqres.TestCases.TC005_DELETE_Userdetail -->
