<?xml version="1.0" encoding="UTF-8"?>
<!-- Generated by org.testng.reporters.JUnitReportReporter -->
<testsuite hostname="L-INE-JDPCQG3" failures="0" tests="5" name="com.reqres.TestCases.TC003_POST_Userdetail" time="0.015" errors="0" timestamp="2023-11-24T11:30:43 IST" skipped="0">
  <testcase classname="com.reqres.TestCases.TC003_POST_Userdetail" name="validateResponseBody" time="0.004"/>
  <testcase classname="com.reqres.TestCases.TC003_POST_Userdetail" name="checkResponseBody" time="0.004"/>
  <testcase classname="com.reqres.TestCases.TC003_POST_Userdetail" name="checkStatusCode" time="0.003"/>
  <testcase classname="com.reqres.TestCases.TC003_POST_Userdetail" name="checkStatusLine" time="0.002"/>
  <testcase classname="com.reqres.TestCases.TC003_POST_Userdetail" name="checkContentType" time="0.002"/>
</testsuite> <!-- com.reqres.TestCases.TC003_POST_Userdetail -->
