<?xml version="1.0" encoding="UTF-8"?>
<!-- Generated by org.testng.reporters.JUnitReportReporter -->
<testsuite hostname="L-INE-JDPCQG3" failures="0" tests="5" name="com.reqres.TestCases.TC001_GET_AllUsers" time="0.018" errors="0" timestamp="2023-11-24T11:30:43 IST" skipped="0">
  <testcase classname="com.reqres.TestCases.TC001_GET_AllUsers" name="checkResponseBody" time="0.006"/>
  <testcase classname="com.reqres.TestCases.TC001_GET_AllUsers" name="checkStatusCode" time="0.004"/>
  <testcase classname="com.reqres.TestCases.TC001_GET_AllUsers" name="checkStatusLine" time="0.002"/>
  <testcase classname="com.reqres.TestCases.TC001_GET_AllUsers" name="checkResponseTime" time="0.003"/>
  <testcase classname="com.reqres.TestCases.TC001_GET_AllUsers" name="checkContentType" time="0.003"/>
</testsuite> <!-- com.reqres.TestCases.TC001_GET_AllUsers -->
