<?xml version="1.0" encoding="UTF-8"?>
<!-- Generated by org.testng.reporters.JUnitReportReporter -->
<testsuite hostname="L-INE-JDPCQG3" failures="0" tests="5" name="com.reqres.TestCases.TC002_GET_SingleUser" time="0.121" errors="0" timestamp="2023-11-27T22:18:59 IST" skipped="0">
  <testcase classname="com.reqres.TestCases.TC002_GET_SingleUser" name="checkResponseBody" time="0.098"/>
  <testcase classname="com.reqres.TestCases.TC002_GET_SingleUser" name="checkStatusCode" time="0.007"/>
  <testcase classname="com.reqres.TestCases.TC002_GET_SingleUser" name="checkStatusLine" time="0.004"/>
  <testcase classname="com.reqres.TestCases.TC002_GET_SingleUser" name="checkResponseTime" time="0.007"/>
  <testcase classname="com.reqres.TestCases.TC002_GET_SingleUser" name="checkContentType" time="0.005"/>
</testsuite> <!-- com.reqres.TestCases.TC002_GET_SingleUser -->
