<?xml version="1.0" encoding="UTF-8"?>
<!-- Generated by org.testng.reporters.JUnitReportReporter -->
<testsuite hostname="L-INE-JDPCQG3" failures="0" tests="4" name="com.reqres.TestCases.TC004_PUT_Userdetail" time="0.008" errors="0" timestamp="2023-11-27T12:29:12 IST" skipped="0">
  <testcase classname="com.reqres.TestCases.TC004_PUT_Userdetail" name="checkResponseBody" time="0.003"/>
  <testcase classname="com.reqres.TestCases.TC004_PUT_Userdetail" name="checkStatusCode" time="0.002"/>
  <testcase classname="com.reqres.TestCases.TC004_PUT_Userdetail" name="checkStatusLine" time="0.001"/>
  <testcase classname="com.reqres.TestCases.TC004_PUT_Userdetail" name="checkContentType" time="0.002"/>
</testsuite> <!-- com.reqres.TestCases.TC004_PUT_Userdetail -->
