<?xml version="1.0" encoding="UTF-8"?>
<!-- Generated by org.testng.reporters.JUnitReportReporter -->
<testsuite hostname="L-INE-JDPCQG3" failures="0" tests="1" name="httpMethods.TC001_GET_Request" time="1.825" errors="0" timestamp="2023-10-24T17:13:16 IST" skipped="0">
  <testcase classname="httpMethods.TC001_GET_Request" name="getAllEmployeeData" time="1.825"/>
</testsuite> <!-- httpMethods.TC001_GET_Request -->
